\BOOKMARK [1][-]{section.1}{Course Description}{}% 1
\BOOKMARK [2][-]{subsection.1.1}{Class Time and Location}{section.1}% 2
\BOOKMARK [2][-]{subsection.1.2}{Instructor}{section.1}% 3
\BOOKMARK [2][-]{subsection.1.3}{Recommended Texts}{section.1}% 4
\BOOKMARK [1][-]{section.2}{Mode of Instruction}{}% 5
\BOOKMARK [1][-]{section.3}{Course Materials}{}% 6
\BOOKMARK [1][-]{section.4}{Learning Objective}{}% 7
\BOOKMARK [1][-]{section.5}{Attendance Policy}{}% 8
\BOOKMARK [1][-]{section.6}{Course Assessment}{}% 9
\BOOKMARK [2][-]{subsection.6.1}{Participation and Engagement}{section.6}% 10
\BOOKMARK [1][-]{section.7}{Grading}{}% 11
\BOOKMARK [1][-]{section.8}{Grading Scale}{}% 12
\BOOKMARK [1][-]{section.9}{Missing In-class Activities}{}% 13
\BOOKMARK [2][-]{subsection.9.1}{Officially Approved Trips}{section.9}% 14
\BOOKMARK [2][-]{subsection.9.2}{Illness Based Absence Policy}{section.9}% 15
\BOOKMARK [2][-]{subsection.9.3}{Special Circumstance Absence}{section.9}% 16
\BOOKMARK [1][-]{section.10}{COVID-19 Statement}{}% 17
\BOOKMARK [1][-]{section.11}{Special Considerations}{}% 18
\BOOKMARK [2][-]{subsection.11.1}{ADA Statement}{section.11}% 19
\BOOKMARK [2][-]{subsection.11.2}{Religious Holy Days}{section.11}% 20
\BOOKMARK [1][-]{section.12}{TTU Resources for Discrimination, Harassment, and Sexual Violence}{}% 21
\BOOKMARK [1][-]{section.13}{LGBTQIA}{}% 22
\BOOKMARK [1][-]{section.14}{Classroom Civility}{}% 23
\BOOKMARK [1][-]{section.15}{Academic Integrity}{}% 24
\BOOKMARK [1][-]{section.16}{Plagiarism Statement}{}% 25
\BOOKMARK [1][-]{section.17}{Statement about Food Insecurity}{}% 26
\BOOKMARK [1][-]{section.18}{Creating Livable Futures}{}% 27
